{
  "RSpec": {
    "coverage": {
      "/Users/aciccone/Desktop/cloney-island/app/helpers/application_helper.rb": [
        1,
        null
      ],
      "/Users/aciccone/Desktop/cloney-island/app/models/project.rb": [
        1,
        null
      ],
      "/Users/aciccone/Desktop/cloney-island/app/models/application_record.rb": [
        1,
        1,
        null
      ],
      "/Users/aciccone/Desktop/cloney-island/app/controllers/projects_controller.rb": [
        1,
        null,
        1,
        1,
        null,
        null,
        1,
        1,
        1,
        1,
        null,
        0,
        null,
        null,
        null,
        1,
        null,
        1,
        1,
        null,
        null
      ],
      "/Users/aciccone/Desktop/cloney-island/app/controllers/application_controller.rb": [
        1,
        1,
        null
      ]
    },
    "timestamp": 1481680655
  }
}
